Analysis & Synthesis report for top
Tue Apr 24 19:47:16 2018
Quartus Prime Version 17.1.0 Build 590 10/25/2017 SJ Standard Edition


---------------------
; Table of Contents ;
---------------------
  1. Legal Notice
  2. Analysis & Synthesis Summary
  3. Analysis & Synthesis Settings
  4. Parallel Compilation
  5. Analysis & Synthesis Source Files Read
  6. Analysis & Synthesis Resource Usage Summary
  7. Analysis & Synthesis Resource Utilization by Entity
  8. State Machine - |top|lcd:lcd_inst|status_c
  9. Registers Removed During Synthesis
 10. General Register Statistics
 11. Inverted Register Statistics
 12. Multiplexer Restructuring Statistics (Restructuring Performed)
 13. Parameter Settings for User Entity Instance: lcd:lcd_inst
 14. Parameter Settings for User Entity Instance: alarm:alarm_inst
 15. Parameter Settings for User Entity Instance: led:led_inst
 16. Parameter Settings for User Entity Instance: debounce:debounce_inst1
 17. Parameter Settings for User Entity Instance: debounce:debounce_inst2
 18. Parameter Settings for User Entity Instance: debounce:debounce_inst3
 19. Port Connectivity Checks: "alarm:alarm_inst|counter24:alarm_hour_inst"
 20. Port Connectivity Checks: "alarm:alarm_inst|counter60:alarm_min_inst"
 21. Port Connectivity Checks: "alarm:alarm_inst|counter24:hour_inst"
 22. Port Connectivity Checks: "alarm:alarm_inst|counter60:min_inst"
 23. Port Connectivity Checks: "alarm:alarm_inst|counter60:sec_inst"
 24. Post-Synthesis Netlist Statistics for Top Partition
 25. Elapsed Time Per Partition
 26. Analysis & Synthesis Messages



----------------
; Legal Notice ;
----------------
Copyright (C) 2017  Intel Corporation. All rights reserved.
Your use of Intel Corporation's design tools, logic functions 
and other software and tools, and its AMPP partner logic 
functions, and any output files from any of the foregoing 
(including device programming or simulation files), and any 
associated documentation or information are expressly subject 
to the terms and conditions of the Intel Program License 
Subscription Agreement, the Intel Quartus Prime License Agreement,
the Intel FPGA IP License Agreement, or other applicable license
agreement, including, without limitation, that your use is for
the sole purpose of programming logic devices manufactured by
Intel and sold by Intel or its authorized distributors.  Please
refer to the applicable agreement for further details.



+--------------------------------------------------------------------------------------+
; Analysis & Synthesis Summary                                                         ;
+------------------------------------+-------------------------------------------------+
; Analysis & Synthesis Status        ; Successful - Tue Apr 24 19:47:16 2018           ;
; Quartus Prime Version              ; 17.1.0 Build 590 10/25/2017 SJ Standard Edition ;
; Revision Name                      ; top                                             ;
; Top-level Entity Name              ; top                                             ;
; Family                             ; Cyclone IV E                                    ;
; Total logic elements               ; 680                                             ;
;     Total combinational functions  ; 635                                             ;
;     Dedicated logic registers      ; 313                                             ;
; Total registers                    ; 313                                             ;
; Total pins                         ; 18                                              ;
; Total virtual pins                 ; 0                                               ;
; Total memory bits                  ; 0                                               ;
; Embedded Multiplier 9-bit elements ; 0                                               ;
; Total PLLs                         ; 0                                               ;
+------------------------------------+-------------------------------------------------+


+----------------------------------------------------------------------------------------------------------------------+
; Analysis & Synthesis Settings                                                                                        ;
+----------------------------------------------------------------------------+--------------------+--------------------+
; Option                                                                     ; Setting            ; Default Value      ;
+----------------------------------------------------------------------------+--------------------+--------------------+
; Device                                                                     ; EP4CE115F29C7      ;                    ;
; Top-level entity name                                                      ; top                ; top                ;
; Family name                                                                ; Cyclone IV E       ; Cyclone V          ;
; Use smart compilation                                                      ; Off                ; Off                ;
; Enable parallel Assembler and TimeQuest Timing Analyzer during compilation ; On                 ; On                 ;
; Enable compact report table                                                ; Off                ; Off                ;
; Restructure Multiplexers                                                   ; Auto               ; Auto               ;
; Create Debugging Nodes for IP Cores                                        ; Off                ; Off                ;
; Preserve fewer node names                                                  ; On                 ; On                 ;
; Intel FPGA IP Evaluation Mode                                              ; Enable             ; Enable             ;
; Verilog Version                                                            ; Verilog_2001       ; Verilog_2001       ;
; VHDL Version                                                               ; VHDL_1993          ; VHDL_1993          ;
; State Machine Processing                                                   ; Auto               ; Auto               ;
; Safe State Machine                                                         ; Off                ; Off                ;
; Extract Verilog State Machines                                             ; On                 ; On                 ;
; Extract VHDL State Machines                                                ; On                 ; On                 ;
; Ignore Verilog initial constructs                                          ; Off                ; Off                ;
; Iteration limit for constant Verilog loops                                 ; 5000               ; 5000               ;
; Iteration limit for non-constant Verilog loops                             ; 250                ; 250                ;
; Add Pass-Through Logic to Inferred RAMs                                    ; On                 ; On                 ;
; Infer RAMs from Raw Logic                                                  ; On                 ; On                 ;
; Parallel Synthesis                                                         ; On                 ; On                 ;
; DSP Block Balancing                                                        ; Auto               ; Auto               ;
; NOT Gate Push-Back                                                         ; On                 ; On                 ;
; Power-Up Don't Care                                                        ; On                 ; On                 ;
; Remove Redundant Logic Cells                                               ; Off                ; Off                ;
; Remove Duplicate Registers                                                 ; On                 ; On                 ;
; Ignore CARRY Buffers                                                       ; Off                ; Off                ;
; Ignore CASCADE Buffers                                                     ; Off                ; Off                ;
; Ignore GLOBAL Buffers                                                      ; Off                ; Off                ;
; Ignore ROW GLOBAL Buffers                                                  ; Off                ; Off                ;
; Ignore LCELL Buffers                                                       ; Off                ; Off                ;
; Ignore SOFT Buffers                                                        ; On                 ; On                 ;
; Limit AHDL Integers to 32 Bits                                             ; Off                ; Off                ;
; Optimization Technique                                                     ; Balanced           ; Balanced           ;
; Carry Chain Length                                                         ; 70                 ; 70                 ;
; Auto Carry Chains                                                          ; On                 ; On                 ;
; Auto Open-Drain Pins                                                       ; On                 ; On                 ;
; Perform WYSIWYG Primitive Resynthesis                                      ; Off                ; Off                ;
; Auto ROM Replacement                                                       ; On                 ; On                 ;
; Auto RAM Replacement                                                       ; On                 ; On                 ;
; Auto DSP Block Replacement                                                 ; On                 ; On                 ;
; Auto Shift Register Replacement                                            ; Auto               ; Auto               ;
; Allow Shift Register Merging across Hierarchies                            ; Auto               ; Auto               ;
; Auto Clock Enable Replacement                                              ; On                 ; On                 ;
; Strict RAM Replacement                                                     ; Off                ; Off                ;
; Allow Synchronous Control Signals                                          ; On                 ; On                 ;
; Force Use of Synchronous Clear Signals                                     ; Off                ; Off                ;
; Auto RAM Block Balancing                                                   ; On                 ; On                 ;
; Auto RAM to Logic Cell Conversion                                          ; Off                ; Off                ;
; Auto Resource Sharing                                                      ; Off                ; Off                ;
; Allow Any RAM Size For Recognition                                         ; Off                ; Off                ;
; Allow Any ROM Size For Recognition                                         ; Off                ; Off                ;
; Allow Any Shift Register Size For Recognition                              ; Off                ; Off                ;
; Use LogicLock Constraints during Resource Balancing                        ; On                 ; On                 ;
; Ignore translate_off and synthesis_off directives                          ; Off                ; Off                ;
; Timing-Driven Synthesis                                                    ; On                 ; On                 ;
; Report Parameter Settings                                                  ; On                 ; On                 ;
; Report Source Assignments                                                  ; On                 ; On                 ;
; Report Connectivity Checks                                                 ; On                 ; On                 ;
; Ignore Maximum Fan-Out Assignments                                         ; Off                ; Off                ;
; Synchronization Register Chain Length                                      ; 2                  ; 2                  ;
; Power Optimization During Synthesis                                        ; Normal compilation ; Normal compilation ;
; HDL message level                                                          ; Level2             ; Level2             ;
; Suppress Register Optimization Related Messages                            ; Off                ; Off                ;
; Number of Removed Registers Reported in Synthesis Report                   ; 5000               ; 5000               ;
; Number of Swept Nodes Reported in Synthesis Report                         ; 5000               ; 5000               ;
; Number of Inverted Registers Reported in Synthesis Report                  ; 100                ; 100                ;
; Clock MUX Protection                                                       ; On                 ; On                 ;
; Auto Gated Clock Conversion                                                ; Off                ; Off                ;
; Block Design Naming                                                        ; Auto               ; Auto               ;
; SDC constraint protection                                                  ; Off                ; Off                ;
; Synthesis Effort                                                           ; Auto               ; Auto               ;
; Shift Register Replacement - Allow Asynchronous Clear Signal               ; On                 ; On                 ;
; Pre-Mapping Resynthesis Optimization                                       ; Off                ; Off                ;
; Analysis & Synthesis Message Level                                         ; Medium             ; Medium             ;
; Disable Register Merging Across Hierarchies                                ; Auto               ; Auto               ;
; Resource Aware Inference For Block RAM                                     ; On                 ; On                 ;
+----------------------------------------------------------------------------+--------------------+--------------------+


+------------------------------------------+
; Parallel Compilation                     ;
+----------------------------+-------------+
; Processors                 ; Number      ;
+----------------------------+-------------+
; Number detected on machine ; 6           ;
; Maximum allowed            ; 6           ;
;                            ;             ;
; Average used               ; 1.00        ;
; Maximum used               ; 6           ;
;                            ;             ;
; Usage by Processor         ; % Time Used ;
;     Processor 1            ; 100.0%      ;
;     Processors 2-6         ;   0.0%      ;
+----------------------------+-------------+


+------------------------------------------------------------------------------------------------------------------------------------------------+
; Analysis & Synthesis Source Files Read                                                                                                         ;
+----------------------------------+-----------------+------------------------+--------------------------------------------------------+---------+
; File Name with User-Entered Path ; Used in Netlist ; File Type              ; File Name with Absolute Path                           ; Library ;
+----------------------------------+-----------------+------------------------+--------------------------------------------------------+---------+
; ../src/led.v                     ; yes             ; User Verilog HDL File  ; C:/Users/wen/Desktop/interview/e_clock/src/led.v       ;         ;
; ../src/top.v                     ; yes             ; User Verilog HDL File  ; C:/Users/wen/Desktop/interview/e_clock/src/top.v       ;         ;
; ../src/lcd.v                     ; yes             ; User Verilog HDL File  ; C:/Users/wen/Desktop/interview/e_clock/src/lcd.v       ;         ;
; ../src/debounce.v                ; yes             ; User Verilog HDL File  ; C:/Users/wen/Desktop/interview/e_clock/src/debounce.v  ;         ;
; ../src/counter60.v               ; yes             ; User Verilog HDL File  ; C:/Users/wen/Desktop/interview/e_clock/src/counter60.v ;         ;
; ../src/counter24.v               ; yes             ; User Verilog HDL File  ; C:/Users/wen/Desktop/interview/e_clock/src/counter24.v ;         ;
; ../src/alarm.v                   ; yes             ; User Verilog HDL File  ; C:/Users/wen/Desktop/interview/e_clock/src/alarm.v     ;         ;
+----------------------------------+-----------------+------------------------+--------------------------------------------------------+---------+


+--------------------------------------------------------+
; Analysis & Synthesis Resource Usage Summary            ;
+---------------------------------------------+----------+
; Resource                                    ; Usage    ;
+---------------------------------------------+----------+
; Estimated Total logic elements              ; 680      ;
;                                             ;          ;
; Total combinational functions               ; 635      ;
; Logic element usage by number of LUT inputs ;          ;
;     -- 4 input functions                    ; 229      ;
;     -- 3 input functions                    ; 59       ;
;     -- <=2 input functions                  ; 347      ;
;                                             ;          ;
; Logic elements by mode                      ;          ;
;     -- normal mode                          ; 434      ;
;     -- arithmetic mode                      ; 201      ;
;                                             ;          ;
; Total registers                             ; 313      ;
;     -- Dedicated logic registers            ; 313      ;
;     -- I/O registers                        ; 0        ;
;                                             ;          ;
; I/O pins                                    ; 18       ;
;                                             ;          ;
; Embedded Multiplier 9-bit elements          ; 0        ;
;                                             ;          ;
; Maximum fan-out node                        ; rst_r[1] ;
; Maximum fan-out                             ; 311      ;
; Total fan-out                               ; 2860     ;
; Average fan-out                             ; 2.91     ;
+---------------------------------------------+----------+


+---------------------------------------------------------------------------------------------------------------------------------------------------------------------------------------------------------------------------------------------+
; Analysis & Synthesis Resource Utilization by Entity                                                                                                                                                                                         ;
+-----------------------------------+---------------------+---------------------------+-------------+--------------+---------+-----------+------+--------------+-------------------------------------------------+-------------+--------------+
; Compilation Hierarchy Node        ; Combinational ALUTs ; Dedicated Logic Registers ; Memory Bits ; DSP Elements ; DSP 9x9 ; DSP 18x18 ; Pins ; Virtual Pins ; Full Hierarchy Name                             ; Entity Name ; Library Name ;
+-----------------------------------+---------------------+---------------------------+-------------+--------------+---------+-----------+------+--------------+-------------------------------------------------+-------------+--------------+
; |top                              ; 635 (1)             ; 313 (2)                   ; 0           ; 0            ; 0       ; 0         ; 18   ; 0            ; |top                                            ; top         ; work         ;
;    |alarm:alarm_inst|             ; 191 (51)            ; 65 (25)                   ; 0           ; 0            ; 0       ; 0         ; 0    ; 0            ; |top|alarm:alarm_inst                           ; alarm       ; work         ;
;       |counter24:alarm_hour_inst| ; 29 (29)             ; 8 (8)                     ; 0           ; 0            ; 0       ; 0         ; 0    ; 0            ; |top|alarm:alarm_inst|counter24:alarm_hour_inst ; counter24   ; work         ;
;       |counter24:hour_inst|       ; 44 (44)             ; 8 (8)                     ; 0           ; 0            ; 0       ; 0         ; 0    ; 0            ; |top|alarm:alarm_inst|counter24:hour_inst       ; counter24   ; work         ;
;       |counter60:alarm_min_inst|  ; 18 (18)             ; 8 (8)                     ; 0           ; 0            ; 0       ; 0         ; 0    ; 0            ; |top|alarm:alarm_inst|counter60:alarm_min_inst  ; counter60   ; work         ;
;       |counter60:min_inst|        ; 24 (24)             ; 8 (8)                     ; 0           ; 0            ; 0       ; 0         ; 0    ; 0            ; |top|alarm:alarm_inst|counter60:min_inst        ; counter60   ; work         ;
;       |counter60:sec_inst|        ; 25 (25)             ; 8 (8)                     ; 0           ; 0            ; 0       ; 0         ; 0    ; 0            ; |top|alarm:alarm_inst|counter60:sec_inst        ; counter60   ; work         ;
;    |debounce:debounce_inst1|      ; 63 (63)             ; 27 (27)                   ; 0           ; 0            ; 0       ; 0         ; 0    ; 0            ; |top|debounce:debounce_inst1                    ; debounce    ; work         ;
;    |debounce:debounce_inst2|      ; 64 (64)             ; 27 (27)                   ; 0           ; 0            ; 0       ; 0         ; 0    ; 0            ; |top|debounce:debounce_inst2                    ; debounce    ; work         ;
;    |debounce:debounce_inst3|      ; 62 (62)             ; 27 (27)                   ; 0           ; 0            ; 0       ; 0         ; 0    ; 0            ; |top|debounce:debounce_inst3                    ; debounce    ; work         ;
;    |lcd:lcd_inst|                 ; 203 (203)           ; 141 (141)                 ; 0           ; 0            ; 0       ; 0         ; 0    ; 0            ; |top|lcd:lcd_inst                               ; lcd         ; work         ;
;    |led:led_inst|                 ; 51 (51)             ; 24 (24)                   ; 0           ; 0            ; 0       ; 0         ; 0    ; 0            ; |top|led:led_inst                               ; led         ; work         ;
+-----------------------------------+---------------------+---------------------------+-------------+--------------+---------+-----------+------+--------------+-------------------------------------------------+-------------+--------------+
Note: For table entries with two numbers listed, the numbers in parentheses indicate the number of resources of the given type used by the specific entity alone. The numbers listed outside of parentheses indicate the total resources of the given type used by the specific entity and all of its sub-entities in the hierarchy.


Encoding Type:  One-Hot
+------------------------------------------------------------------------------------------------------------------------------------------------------------------------------------------------------------------------------------------------------------------------------------------------------------------------------------------------------------------------------------------------------------------------------------------------------------------------------------------------------------------------------------------------------------------------------------------------------------------------------------------------------------------------------------+
; State Machine - |top|lcd:lcd_inst|status_c                                                                                                                                                                                                                                                                                                                                                                                                                                                                                                                                                                                                                                         ;
+----------------+----------------+----------------+----------------+----------------+----------------+----------------+---------------+---------------+---------------+---------------+---------------+---------------+---------------+---------------+---------------+---------------+---------------+----------------+----------------+----------------+----------------+----------------+----------------+---------------+---------------+---------------+---------------+---------------+---------------+---------------+---------------+---------------+---------------+---------------+-------------+-------------+-------------+-------------+---------------+---------------+
; Name           ; status_c.TWO15 ; status_c.TWO14 ; status_c.TWO13 ; status_c.TWO12 ; status_c.TWO11 ; status_c.TWO10 ; status_c.TWO9 ; status_c.TWO8 ; status_c.TWO7 ; status_c.TWO6 ; status_c.TWO5 ; status_c.TWO4 ; status_c.TWO3 ; status_c.TWO2 ; status_c.TWO1 ; status_c.TWO0 ; status_c.ROW2 ; status_c.ONE15 ; status_c.ONE14 ; status_c.ONE13 ; status_c.ONE12 ; status_c.ONE11 ; status_c.ONE10 ; status_c.ONE9 ; status_c.ONE8 ; status_c.ONE7 ; status_c.ONE6 ; status_c.ONE5 ; status_c.ONE4 ; status_c.ONE3 ; status_c.ONE2 ; status_c.ONE1 ; status_c.ONE0 ; status_c.ROW1 ; status_c.S3 ; status_c.S2 ; status_c.S1 ; status_c.S0 ; status_c.INIT ; status_c.IDLE ;
+----------------+----------------+----------------+----------------+----------------+----------------+----------------+---------------+---------------+---------------+---------------+---------------+---------------+---------------+---------------+---------------+---------------+---------------+----------------+----------------+----------------+----------------+----------------+----------------+---------------+---------------+---------------+---------------+---------------+---------------+---------------+---------------+---------------+---------------+---------------+-------------+-------------+-------------+-------------+---------------+---------------+
; status_c.IDLE  ; 0              ; 0              ; 0              ; 0              ; 0              ; 0              ; 0             ; 0             ; 0             ; 0             ; 0             ; 0             ; 0             ; 0             ; 0             ; 0             ; 0             ; 0              ; 0              ; 0              ; 0              ; 0              ; 0              ; 0             ; 0             ; 0             ; 0             ; 0             ; 0             ; 0             ; 0             ; 0             ; 0             ; 0             ; 0           ; 0           ; 0           ; 0           ; 0             ; 0             ;
; status_c.INIT  ; 0              ; 0              ; 0              ; 0              ; 0              ; 0              ; 0             ; 0             ; 0             ; 0             ; 0             ; 0             ; 0             ; 0             ; 0             ; 0             ; 0             ; 0              ; 0              ; 0              ; 0              ; 0              ; 0              ; 0             ; 0             ; 0             ; 0             ; 0             ; 0             ; 0             ; 0             ; 0             ; 0             ; 0             ; 0           ; 0           ; 0           ; 0           ; 1             ; 1             ;
; status_c.S0    ; 0              ; 0              ; 0              ; 0              ; 0              ; 0              ; 0             ; 0             ; 0             ; 0             ; 0             ; 0             ; 0             ; 0             ; 0             ; 0             ; 0             ; 0              ; 0              ; 0              ; 0              ; 0              ; 0              ; 0             ; 0             ; 0             ; 0             ; 0             ; 0             ; 0             ; 0             ; 0             ; 0             ; 0             ; 0           ; 0           ; 0           ; 1           ; 0             ; 1             ;
; status_c.S1    ; 0              ; 0              ; 0              ; 0              ; 0              ; 0              ; 0             ; 0             ; 0             ; 0             ; 0             ; 0             ; 0             ; 0             ; 0             ; 0             ; 0             ; 0              ; 0              ; 0              ; 0              ; 0              ; 0              ; 0             ; 0             ; 0             ; 0             ; 0             ; 0             ; 0             ; 0             ; 0             ; 0             ; 0             ; 0           ; 0           ; 1           ; 0           ; 0             ; 1             ;
; status_c.S2    ; 0              ; 0              ; 0              ; 0              ; 0              ; 0              ; 0             ; 0             ; 0             ; 0             ; 0             ; 0             ; 0             ; 0             ; 0             ; 0             ; 0             ; 0              ; 0              ; 0              ; 0              ; 0              ; 0              ; 0             ; 0             ; 0             ; 0             ; 0             ; 0             ; 0             ; 0             ; 0             ; 0             ; 0             ; 0           ; 1           ; 0           ; 0           ; 0             ; 1             ;
; status_c.S3    ; 0              ; 0              ; 0              ; 0              ; 0              ; 0              ; 0             ; 0             ; 0             ; 0             ; 0             ; 0             ; 0             ; 0             ; 0             ; 0             ; 0             ; 0              ; 0              ; 0              ; 0              ; 0              ; 0              ; 0             ; 0             ; 0             ; 0             ; 0             ; 0             ; 0             ; 0             ; 0             ; 0             ; 0             ; 1           ; 0           ; 0           ; 0           ; 0             ; 1             ;
; status_c.ROW1  ; 0              ; 0              ; 0              ; 0              ; 0              ; 0              ; 0             ; 0             ; 0             ; 0             ; 0             ; 0             ; 0             ; 0             ; 0             ; 0             ; 0             ; 0              ; 0              ; 0              ; 0              ; 0              ; 0              ; 0             ; 0             ; 0             ; 0             ; 0             ; 0             ; 0             ; 0             ; 0             ; 0             ; 1             ; 0           ; 0           ; 0           ; 0           ; 0             ; 1             ;
; status_c.ONE0  ; 0              ; 0              ; 0              ; 0              ; 0              ; 0              ; 0             ; 0             ; 0             ; 0             ; 0             ; 0             ; 0             ; 0             ; 0             ; 0             ; 0             ; 0              ; 0              ; 0              ; 0              ; 0              ; 0              ; 0             ; 0             ; 0             ; 0             ; 0             ; 0             ; 0             ; 0             ; 0             ; 1             ; 0             ; 0           ; 0           ; 0           ; 0           ; 0             ; 1             ;
; status_c.ONE1  ; 0              ; 0              ; 0              ; 0              ; 0              ; 0              ; 0             ; 0             ; 0             ; 0             ; 0             ; 0             ; 0             ; 0             ; 0             ; 0             ; 0             ; 0              ; 0              ; 0              ; 0              ; 0              ; 0              ; 0             ; 0             ; 0             ; 0             ; 0             ; 0             ; 0             ; 0             ; 1             ; 0             ; 0             ; 0           ; 0           ; 0           ; 0           ; 0             ; 1             ;
; status_c.ONE2  ; 0              ; 0              ; 0              ; 0              ; 0              ; 0              ; 0             ; 0             ; 0             ; 0             ; 0             ; 0             ; 0             ; 0             ; 0             ; 0             ; 0             ; 0              ; 0              ; 0              ; 0              ; 0              ; 0              ; 0             ; 0             ; 0             ; 0             ; 0             ; 0             ; 0             ; 1             ; 0             ; 0             ; 0             ; 0           ; 0           ; 0           ; 0           ; 0             ; 1             ;
; status_c.ONE3  ; 0              ; 0              ; 0              ; 0              ; 0              ; 0              ; 0             ; 0             ; 0             ; 0             ; 0             ; 0             ; 0             ; 0             ; 0             ; 0             ; 0             ; 0              ; 0              ; 0              ; 0              ; 0              ; 0              ; 0             ; 0             ; 0             ; 0             ; 0             ; 0             ; 1             ; 0             ; 0             ; 0             ; 0             ; 0           ; 0           ; 0           ; 0           ; 0             ; 1             ;
; status_c.ONE4  ; 0              ; 0              ; 0              ; 0              ; 0              ; 0              ; 0             ; 0             ; 0             ; 0             ; 0             ; 0             ; 0             ; 0             ; 0             ; 0             ; 0             ; 0              ; 0              ; 0              ; 0              ; 0              ; 0              ; 0             ; 0             ; 0             ; 0             ; 0             ; 1             ; 0             ; 0             ; 0             ; 0             ; 0             ; 0           ; 0           ; 0           ; 0           ; 0             ; 1             ;
; status_c.ONE5  ; 0              ; 0              ; 0              ; 0              ; 0              ; 0              ; 0             ; 0             ; 0             ; 0             ; 0             ; 0             ; 0             ; 0             ; 0             ; 0             ; 0             ; 0              ; 0              ; 0              ; 0              ; 0              ; 0              ; 0             ; 0             ; 0             ; 0             ; 1             ; 0             ; 0             ; 0             ; 0             ; 0             ; 0             ; 0           ; 0           ; 0           ; 0           ; 0             ; 1             ;
; status_c.ONE6  ; 0              ; 0              ; 0              ; 0              ; 0              ; 0              ; 0             ; 0             ; 0             ; 0             ; 0             ; 0             ; 0             ; 0             ; 0             ; 0             ; 0             ; 0              ; 0              ; 0              ; 0              ; 0              ; 0              ; 0             ; 0             ; 0             ; 1             ; 0             ; 0             ; 0             ; 0             ; 0             ; 0             ; 0             ; 0           ; 0           ; 0           ; 0           ; 0             ; 1             ;
; status_c.ONE7  ; 0              ; 0              ; 0              ; 0              ; 0              ; 0              ; 0             ; 0             ; 0             ; 0             ; 0             ; 0             ; 0             ; 0             ; 0             ; 0             ; 0             ; 0              ; 0              ; 0              ; 0              ; 0              ; 0              ; 0             ; 0             ; 1             ; 0             ; 0             ; 0             ; 0             ; 0             ; 0             ; 0             ; 0             ; 0           ; 0           ; 0           ; 0           ; 0             ; 1             ;
; status_c.ONE8  ; 0              ; 0              ; 0              ; 0              ; 0              ; 0              ; 0             ; 0             ; 0             ; 0             ; 0             ; 0             ; 0             ; 0             ; 0             ; 0             ; 0             ; 0              ; 0              ; 0              ; 0              ; 0              ; 0              ; 0             ; 1             ; 0             ; 0             ; 0             ; 0             ; 0             ; 0             ; 0             ; 0             ; 0             ; 0           ; 0           ; 0           ; 0           ; 0             ; 1             ;
; status_c.ONE9  ; 0              ; 0              ; 0              ; 0              ; 0              ; 0              ; 0             ; 0             ; 0             ; 0             ; 0             ; 0             ; 0             ; 0             ; 0             ; 0             ; 0             ; 0              ; 0              ; 0              ; 0              ; 0              ; 0              ; 1             ; 0             ; 0             ; 0             ; 0             ; 0             ; 0             ; 0             ; 0             ; 0             ; 0             ; 0           ; 0           ; 0           ; 0           ; 0             ; 1             ;
; status_c.ONE10 ; 0              ; 0              ; 0              ; 0              ; 0              ; 0              ; 0             ; 0             ; 0             ; 0             ; 0             ; 0             ; 0             ; 0             ; 0             ; 0             ; 0             ; 0              ; 0              ; 0              ; 0              ; 0              ; 1              ; 0             ; 0             ; 0             ; 0             ; 0             ; 0             ; 0             ; 0             ; 0             ; 0             ; 0             ; 0           ; 0           ; 0           ; 0           ; 0             ; 1             ;
; status_c.ONE11 ; 0              ; 0              ; 0              ; 0              ; 0              ; 0              ; 0             ; 0             ; 0             ; 0             ; 0             ; 0             ; 0             ; 0             ; 0             ; 0             ; 0             ; 0              ; 0              ; 0              ; 0              ; 1              ; 0              ; 0             ; 0             ; 0             ; 0             ; 0             ; 0             ; 0             ; 0             ; 0             ; 0             ; 0             ; 0           ; 0           ; 0           ; 0           ; 0             ; 1             ;
; status_c.ONE12 ; 0              ; 0              ; 0              ; 0              ; 0              ; 0              ; 0             ; 0             ; 0             ; 0             ; 0             ; 0             ; 0             ; 0             ; 0             ; 0             ; 0             ; 0              ; 0              ; 0              ; 1              ; 0              ; 0              ; 0             ; 0             ; 0             ; 0             ; 0             ; 0             ; 0             ; 0             ; 0             ; 0             ; 0             ; 0           ; 0           ; 0           ; 0           ; 0             ; 1             ;
; status_c.ONE13 ; 0              ; 0              ; 0              ; 0              ; 0              ; 0              ; 0             ; 0             ; 0             ; 0             ; 0             ; 0             ; 0             ; 0             ; 0             ; 0             ; 0             ; 0              ; 0              ; 1              ; 0              ; 0              ; 0              ; 0             ; 0             ; 0             ; 0             ; 0             ; 0             ; 0             ; 0             ; 0             ; 0             ; 0             ; 0           ; 0           ; 0           ; 0           ; 0             ; 1             ;
; status_c.ONE14 ; 0              ; 0              ; 0              ; 0              ; 0              ; 0              ; 0             ; 0             ; 0             ; 0             ; 0             ; 0             ; 0             ; 0             ; 0             ; 0             ; 0             ; 0              ; 1              ; 0              ; 0              ; 0              ; 0              ; 0             ; 0             ; 0             ; 0             ; 0             ; 0             ; 0             ; 0             ; 0             ; 0             ; 0             ; 0           ; 0           ; 0           ; 0           ; 0             ; 1             ;
; status_c.ONE15 ; 0              ; 0              ; 0              ; 0              ; 0              ; 0              ; 0             ; 0             ; 0             ; 0             ; 0             ; 0             ; 0             ; 0             ; 0             ; 0             ; 0             ; 1              ; 0              ; 0              ; 0              ; 0              ; 0              ; 0             ; 0             ; 0             ; 0             ; 0             ; 0             ; 0             ; 0             ; 0             ; 0             ; 0             ; 0           ; 0           ; 0           ; 0           ; 0             ; 1             ;
; status_c.ROW2  ; 0              ; 0              ; 0              ; 0              ; 0              ; 0              ; 0             ; 0             ; 0             ; 0             ; 0             ; 0             ; 0             ; 0             ; 0             ; 0             ; 1             ; 0              ; 0              ; 0              ; 0              ; 0              ; 0              ; 0             ; 0             ; 0             ; 0             ; 0             ; 0             ; 0             ; 0             ; 0             ; 0             ; 0             ; 0           ; 0           ; 0           ; 0           ; 0             ; 1             ;
; status_c.TWO0  ; 0              ; 0              ; 0              ; 0              ; 0              ; 0              ; 0             ; 0             ; 0             ; 0             ; 0             ; 0             ; 0             ; 0             ; 0             ; 1             ; 0             ; 0              ; 0              ; 0              ; 0              ; 0              ; 0              ; 0             ; 0             ; 0             ; 0             ; 0             ; 0             ; 0             ; 0             ; 0             ; 0             ; 0             ; 0           ; 0           ; 0           ; 0           ; 0             ; 1             ;
; status_c.TWO1  ; 0              ; 0              ; 0              ; 0              ; 0              ; 0              ; 0             ; 0             ; 0             ; 0             ; 0             ; 0             ; 0             ; 0             ; 1             ; 0             ; 0             ; 0              ; 0              ; 0              ; 0              ; 0              ; 0              ; 0             ; 0             ; 0             ; 0             ; 0             ; 0             ; 0             ; 0             ; 0             ; 0             ; 0             ; 0           ; 0           ; 0           ; 0           ; 0             ; 1             ;
; status_c.TWO2  ; 0              ; 0              ; 0              ; 0              ; 0              ; 0              ; 0             ; 0             ; 0             ; 0             ; 0             ; 0             ; 0             ; 1             ; 0             ; 0             ; 0             ; 0              ; 0              ; 0              ; 0              ; 0              ; 0              ; 0             ; 0             ; 0             ; 0             ; 0             ; 0             ; 0             ; 0             ; 0             ; 0             ; 0             ; 0           ; 0           ; 0           ; 0           ; 0             ; 1             ;
; status_c.TWO3  ; 0              ; 0              ; 0              ; 0              ; 0              ; 0              ; 0             ; 0             ; 0             ; 0             ; 0             ; 0             ; 1             ; 0             ; 0             ; 0             ; 0             ; 0              ; 0              ; 0              ; 0              ; 0              ; 0              ; 0             ; 0             ; 0             ; 0             ; 0             ; 0             ; 0             ; 0             ; 0             ; 0             ; 0             ; 0           ; 0           ; 0           ; 0           ; 0             ; 1             ;
; status_c.TWO4  ; 0              ; 0              ; 0              ; 0              ; 0              ; 0              ; 0             ; 0             ; 0             ; 0             ; 0             ; 1             ; 0             ; 0             ; 0             ; 0             ; 0             ; 0              ; 0              ; 0              ; 0              ; 0              ; 0              ; 0             ; 0             ; 0             ; 0             ; 0             ; 0             ; 0             ; 0             ; 0             ; 0             ; 0             ; 0           ; 0           ; 0           ; 0           ; 0             ; 1             ;
; status_c.TWO5  ; 0              ; 0              ; 0              ; 0              ; 0              ; 0              ; 0             ; 0             ; 0             ; 0             ; 1             ; 0             ; 0             ; 0             ; 0             ; 0             ; 0             ; 0              ; 0              ; 0              ; 0              ; 0              ; 0              ; 0             ; 0             ; 0             ; 0             ; 0             ; 0             ; 0             ; 0             ; 0             ; 0             ; 0             ; 0           ; 0           ; 0           ; 0           ; 0             ; 1             ;
; status_c.TWO6  ; 0              ; 0              ; 0              ; 0              ; 0              ; 0              ; 0             ; 0             ; 0             ; 1             ; 0             ; 0             ; 0             ; 0             ; 0             ; 0             ; 0             ; 0              ; 0              ; 0              ; 0              ; 0              ; 0              ; 0             ; 0             ; 0             ; 0             ; 0             ; 0             ; 0             ; 0             ; 0             ; 0             ; 0             ; 0           ; 0           ; 0           ; 0           ; 0             ; 1             ;
; status_c.TWO7  ; 0              ; 0              ; 0              ; 0              ; 0              ; 0              ; 0             ; 0             ; 1             ; 0             ; 0             ; 0             ; 0             ; 0             ; 0             ; 0             ; 0             ; 0              ; 0              ; 0              ; 0              ; 0              ; 0              ; 0             ; 0             ; 0             ; 0             ; 0             ; 0             ; 0             ; 0             ; 0             ; 0             ; 0             ; 0           ; 0           ; 0           ; 0           ; 0             ; 1             ;
; status_c.TWO8  ; 0              ; 0              ; 0              ; 0              ; 0              ; 0              ; 0             ; 1             ; 0             ; 0             ; 0             ; 0             ; 0             ; 0             ; 0             ; 0             ; 0             ; 0              ; 0              ; 0              ; 0              ; 0              ; 0              ; 0             ; 0             ; 0             ; 0             ; 0             ; 0             ; 0             ; 0             ; 0             ; 0             ; 0             ; 0           ; 0           ; 0           ; 0           ; 0             ; 1             ;
; status_c.TWO9  ; 0              ; 0              ; 0              ; 0              ; 0              ; 0              ; 1             ; 0             ; 0             ; 0             ; 0             ; 0             ; 0             ; 0             ; 0             ; 0             ; 0             ; 0              ; 0              ; 0              ; 0              ; 0              ; 0              ; 0             ; 0             ; 0             ; 0             ; 0             ; 0             ; 0             ; 0             ; 0             ; 0             ; 0             ; 0           ; 0           ; 0           ; 0           ; 0             ; 1             ;
; status_c.TWO10 ; 0              ; 0              ; 0              ; 0              ; 0              ; 1              ; 0             ; 0             ; 0             ; 0             ; 0             ; 0             ; 0             ; 0             ; 0             ; 0             ; 0             ; 0              ; 0              ; 0              ; 0              ; 0              ; 0              ; 0             ; 0             ; 0             ; 0             ; 0             ; 0             ; 0             ; 0             ; 0             ; 0             ; 0             ; 0           ; 0           ; 0           ; 0           ; 0             ; 1             ;
; status_c.TWO11 ; 0              ; 0              ; 0              ; 0              ; 1              ; 0              ; 0             ; 0             ; 0             ; 0             ; 0             ; 0             ; 0             ; 0             ; 0             ; 0             ; 0             ; 0              ; 0              ; 0              ; 0              ; 0              ; 0              ; 0             ; 0             ; 0             ; 0             ; 0             ; 0             ; 0             ; 0             ; 0             ; 0             ; 0             ; 0           ; 0           ; 0           ; 0           ; 0             ; 1             ;
; status_c.TWO12 ; 0              ; 0              ; 0              ; 1              ; 0              ; 0              ; 0             ; 0             ; 0             ; 0             ; 0             ; 0             ; 0             ; 0             ; 0             ; 0             ; 0             ; 0              ; 0              ; 0              ; 0              ; 0              ; 0              ; 0             ; 0             ; 0             ; 0             ; 0             ; 0             ; 0             ; 0             ; 0             ; 0             ; 0             ; 0           ; 0           ; 0           ; 0           ; 0             ; 1             ;
; status_c.TWO13 ; 0              ; 0              ; 1              ; 0              ; 0              ; 0              ; 0             ; 0             ; 0             ; 0             ; 0             ; 0             ; 0             ; 0             ; 0             ; 0             ; 0             ; 0              ; 0              ; 0              ; 0              ; 0              ; 0              ; 0             ; 0             ; 0             ; 0             ; 0             ; 0             ; 0             ; 0             ; 0             ; 0             ; 0             ; 0           ; 0           ; 0           ; 0           ; 0             ; 1             ;
; status_c.TWO14 ; 0              ; 1              ; 0              ; 0              ; 0              ; 0              ; 0             ; 0             ; 0             ; 0             ; 0             ; 0             ; 0             ; 0             ; 0             ; 0             ; 0             ; 0              ; 0              ; 0              ; 0              ; 0              ; 0              ; 0             ; 0             ; 0             ; 0             ; 0             ; 0             ; 0             ; 0             ; 0             ; 0             ; 0             ; 0           ; 0           ; 0           ; 0           ; 0             ; 1             ;
; status_c.TWO15 ; 1              ; 0              ; 0              ; 0              ; 0              ; 0              ; 0             ; 0             ; 0             ; 0             ; 0             ; 0             ; 0             ; 0             ; 0             ; 0             ; 0             ; 0              ; 0              ; 0              ; 0              ; 0              ; 0              ; 0             ; 0             ; 0             ; 0             ; 0             ; 0             ; 0             ; 0             ; 0             ; 0             ; 0             ; 0           ; 0           ; 0           ; 0           ; 0             ; 1             ;
+----------------+----------------+----------------+----------------+----------------+----------------+----------------+---------------+---------------+---------------+---------------+---------------+---------------+---------------+---------------+---------------+---------------+---------------+----------------+----------------+----------------+----------------+----------------+----------------+---------------+---------------+---------------+---------------+---------------+---------------+---------------+---------------+---------------+---------------+---------------+-------------+-------------+-------------+-------------+---------------+---------------+


+---------------------------------------------------------------------------------+
; Registers Removed During Synthesis                                              ;
+----------------------------------------+----------------------------------------+
; Register name                          ; Reason for Removal                     ;
+----------------------------------------+----------------------------------------+
; lcd:lcd_inst|two_12[6,7]               ; Stuck at GND due to stuck port data_in ;
; lcd:lcd_inst|two_12[5]                 ; Stuck at VCC due to stuck port data_in ;
; lcd:lcd_inst|two_13[6,7]               ; Stuck at GND due to stuck port data_in ;
; lcd:lcd_inst|two_13[5]                 ; Stuck at VCC due to stuck port data_in ;
; lcd:lcd_inst|two_9[6,7]                ; Stuck at GND due to stuck port data_in ;
; lcd:lcd_inst|two_9[5]                  ; Stuck at VCC due to stuck port data_in ;
; lcd:lcd_inst|two_10[6,7]               ; Stuck at GND due to stuck port data_in ;
; lcd:lcd_inst|two_10[5]                 ; Stuck at VCC due to stuck port data_in ;
; lcd:lcd_inst|two_6[6,7]                ; Stuck at GND due to stuck port data_in ;
; lcd:lcd_inst|two_6[5]                  ; Stuck at VCC due to stuck port data_in ;
; lcd:lcd_inst|two_7[6,7]                ; Stuck at GND due to stuck port data_in ;
; lcd:lcd_inst|two_7[5]                  ; Stuck at VCC due to stuck port data_in ;
; lcd:lcd_inst|one_9[6,7]                ; Stuck at GND due to stuck port data_in ;
; lcd:lcd_inst|one_9[5]                  ; Stuck at VCC due to stuck port data_in ;
; lcd:lcd_inst|one_10[6,7]               ; Stuck at GND due to stuck port data_in ;
; lcd:lcd_inst|one_10[5]                 ; Stuck at VCC due to stuck port data_in ;
; lcd:lcd_inst|one_6[6,7]                ; Stuck at GND due to stuck port data_in ;
; lcd:lcd_inst|one_6[5]                  ; Stuck at VCC due to stuck port data_in ;
; lcd:lcd_inst|one_7[6,7]                ; Stuck at GND due to stuck port data_in ;
; lcd:lcd_inst|one_7[5]                  ; Stuck at VCC due to stuck port data_in ;
; lcd:lcd_inst|two_13[4]                 ; Merged with lcd:lcd_inst|two_12[4]     ;
; lcd:lcd_inst|two_10[4]                 ; Merged with lcd:lcd_inst|two_9[4]      ;
; lcd:lcd_inst|two_7[4]                  ; Merged with lcd:lcd_inst|two_6[4]      ;
; lcd:lcd_inst|one_10[4]                 ; Merged with lcd:lcd_inst|one_9[4]      ;
; lcd:lcd_inst|one_7[4]                  ; Merged with lcd:lcd_inst|one_6[4]      ;
; lcd:lcd_inst|status_c~4                ; Lost fanout                            ;
; lcd:lcd_inst|status_c~5                ; Lost fanout                            ;
; lcd:lcd_inst|status_c~6                ; Lost fanout                            ;
; lcd:lcd_inst|status_c~7                ; Lost fanout                            ;
; lcd:lcd_inst|status_c~8                ; Lost fanout                            ;
; lcd:lcd_inst|status_c~9                ; Lost fanout                            ;
; lcd:lcd_inst|cnt1[0]                   ; Merged with lcd:lcd_inst|cnt[0]        ;
; alarm:alarm_inst|cnt[0]                ; Merged with lcd:lcd_inst|cnt[0]        ;
; lcd:lcd_inst|cnt1[1]                   ; Merged with lcd:lcd_inst|cnt[1]        ;
; alarm:alarm_inst|cnt[1]                ; Merged with lcd:lcd_inst|cnt[1]        ;
; lcd:lcd_inst|cnt1[2]                   ; Merged with alarm:alarm_inst|cnt[2]    ;
; alarm:alarm_inst|cnt[2]                ; Merged with lcd:lcd_inst|cnt[2]        ;
; lcd:lcd_inst|cnt1[3]                   ; Merged with alarm:alarm_inst|cnt[3]    ;
; alarm:alarm_inst|cnt[3]                ; Merged with lcd:lcd_inst|cnt[3]        ;
; lcd:lcd_inst|cnt1[4]                   ; Merged with alarm:alarm_inst|cnt[4]    ;
; lcd:lcd_inst|cnt1[5]                   ; Merged with alarm:alarm_inst|cnt[5]    ;
; lcd:lcd_inst|cnt1[6]                   ; Merged with alarm:alarm_inst|cnt[6]    ;
; Total Number of Removed Registers = 52 ;                                        ;
+----------------------------------------+----------------------------------------+


+------------------------------------------------------+
; General Register Statistics                          ;
+----------------------------------------------+-------+
; Statistic                                    ; Value ;
+----------------------------------------------+-------+
; Total registers                              ; 313   ;
; Number of registers using Synchronous Clear  ; 0     ;
; Number of registers using Synchronous Load   ; 23    ;
; Number of registers using Asynchronous Clear ; 313   ;
; Number of registers using Asynchronous Load  ; 0     ;
; Number of registers using Clock Enable       ; 71    ;
; Number of registers using Preset             ; 0     ;
+----------------------------------------------+-------+


+--------------------------------------------------+
; Inverted Register Statistics                     ;
+----------------------------------------+---------+
; Inverted Register                      ; Fan out ;
+----------------------------------------+---------+
; lcd:lcd_inst|two_12[4]                 ; 1       ;
; lcd:lcd_inst|two_9[4]                  ; 1       ;
; lcd:lcd_inst|two_6[4]                  ; 1       ;
; lcd:lcd_inst|one_9[4]                  ; 1       ;
; lcd:lcd_inst|one_6[4]                  ; 1       ;
; Total number of inverted registers = 5 ;         ;
+----------------------------------------+---------+


+-----------------------------------------------------------------------------------------------------------------------------------------------------------------------+
; Multiplexer Restructuring Statistics (Restructuring Performed)                                                                                                        ;
+--------------------+-----------+---------------+----------------------+------------------------+------------+---------------------------------------------------------+
; Multiplexer Inputs ; Bus Width ; Baseline Area ; Area if Restructured ; Saving if Restructured ; Registered ; Example Multiplexer Output                              ;
+--------------------+-----------+---------------+----------------------+------------------------+------------+---------------------------------------------------------+
; 4:1                ; 2 bits    ; 4 LEs         ; 4 LEs                ; 0 LEs                  ; Yes        ; |top|alarm:alarm_inst|counter24:alarm_hour_inst|cnt0[0] ;
; 5:1                ; 4 bits    ; 12 LEs        ; 8 LEs                ; 4 LEs                  ; Yes        ; |top|alarm:alarm_inst|counter24:alarm_hour_inst|cnt1[0] ;
; 5:1                ; 4 bits    ; 12 LEs        ; 8 LEs                ; 4 LEs                  ; Yes        ; |top|alarm:alarm_inst|counter60:alarm_min_inst|cnt1[0]  ;
; 5:1                ; 4 bits    ; 12 LEs        ; 8 LEs                ; 4 LEs                  ; Yes        ; |top|alarm:alarm_inst|counter60:alarm_min_inst|cnt0[1]  ;
; 6:1                ; 2 bits    ; 8 LEs         ; 4 LEs                ; 4 LEs                  ; Yes        ; |top|alarm:alarm_inst|counter24:alarm_hour_inst|cnt0[3] ;
; 9:1                ; 4 bits    ; 24 LEs        ; 8 LEs                ; 16 LEs                 ; Yes        ; |top|alarm:alarm_inst|counter24:hour_inst|cnt0[1]       ;
; 8:1                ; 4 bits    ; 20 LEs        ; 8 LEs                ; 12 LEs                 ; Yes        ; |top|alarm:alarm_inst|counter60:sec_inst|cnt0[0]        ;
; 8:1                ; 4 bits    ; 20 LEs        ; 8 LEs                ; 12 LEs                 ; Yes        ; |top|alarm:alarm_inst|counter60:sec_inst|cnt1[0]        ;
; 8:1                ; 4 bits    ; 20 LEs        ; 8 LEs                ; 12 LEs                 ; Yes        ; |top|alarm:alarm_inst|counter60:min_inst|cnt0[0]        ;
; 8:1                ; 4 bits    ; 20 LEs        ; 8 LEs                ; 12 LEs                 ; Yes        ; |top|alarm:alarm_inst|counter60:min_inst|cnt1[0]        ;
; 8:1                ; 4 bits    ; 20 LEs        ; 8 LEs                ; 12 LEs                 ; Yes        ; |top|alarm:alarm_inst|counter24:hour_inst|cnt1[0]       ;
+--------------------+-----------+---------------+----------------------+------------------------+------------+---------------------------------------------------------+


+-----------------------------------------------------------+
; Parameter Settings for User Entity Instance: lcd:lcd_inst ;
+----------------+----------+-------------------------------+
; Parameter Name ; Value    ; Type                          ;
+----------------+----------+-------------------------------+
; TIME_15MS      ; 750000   ; Signed Integer                ;
; TIME_0_2S      ; 10000000 ; Signed Integer                ;
; TIME_500HZ     ; 50000    ; Signed Integer                ;
; IDLE           ; 000000   ; Unsigned Binary               ;
; INIT           ; 000001   ; Unsigned Binary               ;
; S0             ; 000010   ; Unsigned Binary               ;
; S1             ; 000011   ; Unsigned Binary               ;
; S2             ; 000100   ; Unsigned Binary               ;
; S3             ; 000101   ; Unsigned Binary               ;
; ROW1           ; 000110   ; Unsigned Binary               ;
; ONE0           ; 000111   ; Unsigned Binary               ;
; ONE1           ; 001000   ; Unsigned Binary               ;
; ONE2           ; 001001   ; Unsigned Binary               ;
; ONE3           ; 001010   ; Unsigned Binary               ;
; ONE4           ; 001011   ; Unsigned Binary               ;
; ONE5           ; 001100   ; Unsigned Binary               ;
; ONE6           ; 001101   ; Unsigned Binary               ;
; ONE7           ; 001110   ; Unsigned Binary               ;
; ONE8           ; 001111   ; Unsigned Binary               ;
; ONE9           ; 010000   ; Unsigned Binary               ;
; ONE10          ; 010001   ; Unsigned Binary               ;
; ONE11          ; 010010   ; Unsigned Binary               ;
; ONE12          ; 010011   ; Unsigned Binary               ;
; ONE13          ; 010100   ; Unsigned Binary               ;
; ONE14          ; 010101   ; Unsigned Binary               ;
; ONE15          ; 010110   ; Unsigned Binary               ;
; ROW2           ; 010111   ; Unsigned Binary               ;
; TWO0           ; 011000   ; Unsigned Binary               ;
; TWO1           ; 011001   ; Unsigned Binary               ;
; TWO2           ; 011010   ; Unsigned Binary               ;
; TWO3           ; 011011   ; Unsigned Binary               ;
; TWO4           ; 011100   ; Unsigned Binary               ;
; TWO5           ; 011101   ; Unsigned Binary               ;
; TWO6           ; 011110   ; Unsigned Binary               ;
; TWO7           ; 011111   ; Unsigned Binary               ;
; TWO8           ; 100000   ; Unsigned Binary               ;
; TWO9           ; 100001   ; Unsigned Binary               ;
; TWO10          ; 100010   ; Unsigned Binary               ;
; TWO11          ; 100011   ; Unsigned Binary               ;
; TWO12          ; 100100   ; Unsigned Binary               ;
; TWO13          ; 100101   ; Unsigned Binary               ;
; TWO14          ; 100110   ; Unsigned Binary               ;
; TWO15          ; 100111   ; Unsigned Binary               ;
+----------------+----------+-------------------------------+
Note: In order to hide this table in the UI and the text report file, please set the "Show Parameter Settings in Synthesis Report" option in "Analysis and Synthesis Settings -> More Settings" to "Off".


+---------------------------------------------------------------+
; Parameter Settings for User Entity Instance: alarm:alarm_inst ;
+----------------+----------+-----------------------------------+
; Parameter Name ; Value    ; Type                              ;
+----------------+----------+-----------------------------------+
; ADJUST_END     ; 6        ; Signed Integer                    ;
; TIME_1S        ; 50000000 ; Signed Integer                    ;
+----------------+----------+-----------------------------------+
Note: In order to hide this table in the UI and the text report file, please set the "Show Parameter Settings in Synthesis Report" option in "Analysis and Synthesis Settings -> More Settings" to "Off".


+-----------------------------------------------------------+
; Parameter Settings for User Entity Instance: led:led_inst ;
+----------------+---------+--------------------------------+
; Parameter Name ; Value   ; Type                           ;
+----------------+---------+--------------------------------+
; TIME_0_1S      ; 5000000 ; Signed Integer                 ;
+----------------+---------+--------------------------------+
Note: In order to hide this table in the UI and the text report file, please set the "Show Parameter Settings in Synthesis Report" option in "Analysis and Synthesis Settings -> More Settings" to "Off".


+----------------------------------------------------------------------+
; Parameter Settings for User Entity Instance: debounce:debounce_inst1 ;
+----------------+----------+------------------------------------------+
; Parameter Name ; Value    ; Type                                     ;
+----------------+----------+------------------------------------------+
; TIME_20MS      ; 1000000  ; Signed Integer                           ;
; TIME_0_5S      ; 25000000 ; Signed Integer                           ;
+----------------+----------+------------------------------------------+
Note: In order to hide this table in the UI and the text report file, please set the "Show Parameter Settings in Synthesis Report" option in "Analysis and Synthesis Settings -> More Settings" to "Off".


+----------------------------------------------------------------------+
; Parameter Settings for User Entity Instance: debounce:debounce_inst2 ;
+----------------+----------+------------------------------------------+
; Parameter Name ; Value    ; Type                                     ;
+----------------+----------+------------------------------------------+
; TIME_20MS      ; 1000000  ; Signed Integer                           ;
; TIME_0_5S      ; 25000000 ; Signed Integer                           ;
+----------------+----------+------------------------------------------+
Note: In order to hide this table in the UI and the text report file, please set the "Show Parameter Settings in Synthesis Report" option in "Analysis and Synthesis Settings -> More Settings" to "Off".


+----------------------------------------------------------------------+
; Parameter Settings for User Entity Instance: debounce:debounce_inst3 ;
+----------------+----------+------------------------------------------+
; Parameter Name ; Value    ; Type                                     ;
+----------------+----------+------------------------------------------+
; TIME_20MS      ; 1000000  ; Signed Integer                           ;
; TIME_0_5S      ; 25000000 ; Signed Integer                           ;
+----------------+----------+------------------------------------------+
Note: In order to hide this table in the UI and the text report file, please set the "Show Parameter Settings in Synthesis Report" option in "Analysis and Synthesis Settings -> More Settings" to "Off".


+------------------------------------------------------------------------+
; Port Connectivity Checks: "alarm:alarm_inst|counter24:alarm_hour_inst" ;
+---------+-------+----------+-------------------------------------------+
; Port    ; Type  ; Severity ; Details                                   ;
+---------+-------+----------+-------------------------------------------+
; mode[2] ; Input ; Info     ; Stuck at VCC                              ;
; mode[1] ; Input ; Info     ; Stuck at GND                              ;
; mode[0] ; Input ; Info     ; Stuck at VCC                              ;
; en      ; Input ; Info     ; Stuck at GND                              ;
+---------+-------+----------+-------------------------------------------+


+-----------------------------------------------------------------------+
; Port Connectivity Checks: "alarm:alarm_inst|counter60:alarm_min_inst" ;
+------------+--------+----------+--------------------------------------+
; Port       ; Type   ; Severity ; Details                              ;
+------------+--------+----------+--------------------------------------+
; mode[1..0] ; Input  ; Info     ; Stuck at GND                         ;
; mode[2]    ; Input  ; Info     ; Stuck at VCC                         ;
; en         ; Input  ; Info     ; Stuck at GND                         ;
; cout       ; Output ; Info     ; Explicitly unconnected               ;
+------------+--------+----------+--------------------------------------+


+------------------------------------------------------------------+
; Port Connectivity Checks: "alarm:alarm_inst|counter24:hour_inst" ;
+------------+-------+----------+----------------------------------+
; Port       ; Type  ; Severity ; Details                          ;
+------------+-------+----------+----------------------------------+
; mode[1..0] ; Input ; Info     ; Stuck at VCC                     ;
; mode[2]    ; Input ; Info     ; Stuck at GND                     ;
+------------+-------+----------+----------------------------------+


+-----------------------------------------------------------------+
; Port Connectivity Checks: "alarm:alarm_inst|counter60:min_inst" ;
+---------+-------+----------+------------------------------------+
; Port    ; Type  ; Severity ; Details                            ;
+---------+-------+----------+------------------------------------+
; mode[2] ; Input ; Info     ; Stuck at GND                       ;
; mode[1] ; Input ; Info     ; Stuck at VCC                       ;
; mode[0] ; Input ; Info     ; Stuck at GND                       ;
+---------+-------+----------+------------------------------------+


+-----------------------------------------------------------------+
; Port Connectivity Checks: "alarm:alarm_inst|counter60:sec_inst" ;
+------------+-------+----------+---------------------------------+
; Port       ; Type  ; Severity ; Details                         ;
+------------+-------+----------+---------------------------------+
; mode[2..1] ; Input ; Info     ; Stuck at GND                    ;
; mode[0]    ; Input ; Info     ; Stuck at VCC                    ;
+------------+-------+----------+---------------------------------+


+-----------------------------------------------------+
; Post-Synthesis Netlist Statistics for Top Partition ;
+-----------------------+-----------------------------+
; Type                  ; Count                       ;
+-----------------------+-----------------------------+
; boundary_port         ; 18                          ;
; cycloneiii_ff         ; 313                         ;
;     CLR               ; 240                         ;
;     CLR SLD           ; 2                           ;
;     ENA CLR           ; 50                          ;
;     ENA CLR SLD       ; 21                          ;
; cycloneiii_lcell_comb ; 638                         ;
;     arith             ; 201                         ;
;         2 data inputs ; 181                         ;
;         3 data inputs ; 20                          ;
;     normal            ; 437                         ;
;         0 data inputs ; 2                           ;
;         1 data inputs ; 11                          ;
;         2 data inputs ; 156                         ;
;         3 data inputs ; 39                          ;
;         4 data inputs ; 229                         ;
;                       ;                             ;
; Max LUT depth         ; 7.00                        ;
; Average LUT depth     ; 4.01                        ;
+-----------------------+-----------------------------+


+-------------------------------+
; Elapsed Time Per Partition    ;
+----------------+--------------+
; Partition Name ; Elapsed Time ;
+----------------+--------------+
; Top            ; 00:00:01     ;
+----------------+--------------+


+-------------------------------+
; Analysis & Synthesis Messages ;
+-------------------------------+
Info: *******************************************************************
Info: Running Quartus Prime Analysis & Synthesis
    Info: Version 17.1.0 Build 590 10/25/2017 SJ Standard Edition
    Info: Processing started: Tue Apr 24 19:47:07 2018
Info: Command: quartus_map --read_settings_files=on --write_settings_files=off top -c top
Warning (18236): Number of processors has not been specified which may cause overloading on shared machines.  Set the global assignment NUM_PARALLEL_PROCESSORS in your QSF to an appropriate value for best performance.
Info (20030): Parallel compilation is enabled and will use 6 of the 6 processors detected
Info (12021): Found 1 design units, including 1 entities, in source file /users/wen/desktop/interview/e_clock/src/led.v
    Info (12023): Found entity 1: led File: C:/Users/wen/Desktop/interview/e_clock/src/led.v Line: 9
Info (12021): Found 1 design units, including 1 entities, in source file /users/wen/desktop/interview/e_clock/src/top.v
    Info (12023): Found entity 1: top File: C:/Users/wen/Desktop/interview/e_clock/src/top.v Line: 9
Info (12021): Found 1 design units, including 1 entities, in source file /users/wen/desktop/interview/e_clock/src/lcd.v
    Info (12023): Found entity 1: lcd File: C:/Users/wen/Desktop/interview/e_clock/src/lcd.v Line: 9
Info (12021): Found 1 design units, including 1 entities, in source file /users/wen/desktop/interview/e_clock/src/debounce.v
    Info (12023): Found entity 1: debounce File: C:/Users/wen/Desktop/interview/e_clock/src/debounce.v Line: 9
Info (12021): Found 1 design units, including 1 entities, in source file /users/wen/desktop/interview/e_clock/src/counter60.v
    Info (12023): Found entity 1: counter60 File: C:/Users/wen/Desktop/interview/e_clock/src/counter60.v Line: 9
Info (12021): Found 1 design units, including 1 entities, in source file /users/wen/desktop/interview/e_clock/src/counter24.v
    Info (12023): Found entity 1: counter24 File: C:/Users/wen/Desktop/interview/e_clock/src/counter24.v Line: 9
Info (12021): Found 1 design units, including 1 entities, in source file /users/wen/desktop/interview/e_clock/src/alarm.v
    Info (12023): Found entity 1: alarm File: C:/Users/wen/Desktop/interview/e_clock/src/alarm.v Line: 9
Warning (10236): Verilog HDL Implicit Net warning at led.v(37): created implicit net for "alarm" File: C:/Users/wen/Desktop/interview/e_clock/src/led.v Line: 37
Info (12127): Elaborating entity "top" for the top level hierarchy
Info (12128): Elaborating entity "lcd" for hierarchy "lcd:lcd_inst" File: C:/Users/wen/Desktop/interview/e_clock/src/top.v Line: 88
Warning (10230): Verilog HDL assignment warning at lcd.v(169): truncated value with size 32 to match size of target (24) File: C:/Users/wen/Desktop/interview/e_clock/src/lcd.v Line: 169
Warning (10230): Verilog HDL assignment warning at lcd.v(275): truncated value with size 32 to match size of target (16) File: C:/Users/wen/Desktop/interview/e_clock/src/lcd.v Line: 275
Warning (10230): Verilog HDL assignment warning at lcd.v(301): truncated value with size 32 to match size of target (20) File: C:/Users/wen/Desktop/interview/e_clock/src/lcd.v Line: 301
Info (12128): Elaborating entity "alarm" for hierarchy "alarm:alarm_inst" File: C:/Users/wen/Desktop/interview/e_clock/src/top.v Line: 109
Warning (10230): Verilog HDL assignment warning at alarm.v(57): truncated value with size 32 to match size of target (26) File: C:/Users/wen/Desktop/interview/e_clock/src/alarm.v Line: 57
Warning (10230): Verilog HDL assignment warning at alarm.v(75): truncated value with size 32 to match size of target (3) File: C:/Users/wen/Desktop/interview/e_clock/src/alarm.v Line: 75
Info (12128): Elaborating entity "counter60" for hierarchy "alarm:alarm_inst|counter60:sec_inst" File: C:/Users/wen/Desktop/interview/e_clock/src/alarm.v Line: 98
Warning (10230): Verilog HDL assignment warning at counter60.v(60): truncated value with size 32 to match size of target (4) File: C:/Users/wen/Desktop/interview/e_clock/src/counter60.v Line: 60
Warning (10230): Verilog HDL assignment warning at counter60.v(90): truncated value with size 32 to match size of target (4) File: C:/Users/wen/Desktop/interview/e_clock/src/counter60.v Line: 90
Info (12128): Elaborating entity "counter24" for hierarchy "alarm:alarm_inst|counter24:hour_inst" File: C:/Users/wen/Desktop/interview/e_clock/src/alarm.v Line: 125
Warning (10230): Verilog HDL assignment warning at counter24.v(61): truncated value with size 32 to match size of target (4) File: C:/Users/wen/Desktop/interview/e_clock/src/counter24.v Line: 61
Warning (10230): Verilog HDL assignment warning at counter24.v(89): truncated value with size 32 to match size of target (4) File: C:/Users/wen/Desktop/interview/e_clock/src/counter24.v Line: 89
Info (12128): Elaborating entity "led" for hierarchy "led:led_inst" File: C:/Users/wen/Desktop/interview/e_clock/src/top.v Line: 125
Warning (10230): Verilog HDL assignment warning at led.v(48): truncated value with size 32 to match size of target (23) File: C:/Users/wen/Desktop/interview/e_clock/src/led.v Line: 48
Info (12128): Elaborating entity "debounce" for hierarchy "debounce:debounce_inst1" File: C:/Users/wen/Desktop/interview/e_clock/src/top.v Line: 134
Warning (10230): Verilog HDL assignment warning at debounce.v(49): truncated value with size 32 to match size of target (25) File: C:/Users/wen/Desktop/interview/e_clock/src/debounce.v Line: 49
Info (13000): Registers with preset signals will power-up high File: C:/Users/wen/Desktop/interview/e_clock/src/lcd.v Line: 192
Info (13003): DEV_CLRn pin will set, and not reset, register with preset signal due to NOT Gate Push-Back
Warning (13024): Output pins are stuck at VCC or GND
    Warning (13410): Pin "rw" is stuck at GND File: C:/Users/wen/Desktop/interview/e_clock/src/top.v Line: 20
    Warning (13410): Pin "on" is stuck at VCC File: C:/Users/wen/Desktop/interview/e_clock/src/top.v Line: 22
Info (286030): Timing-Driven Synthesis is running
Info (17049): 6 registers lost all their fanouts during netlist optimizations.
Info (16010): Generating hard_block partition "hard_block:auto_generated_inst"
    Info (16011): Adding 0 node(s), including 0 DDIO, 0 PLL, 0 transceiver and 0 LCELL
Info (21057): Implemented 703 device resources after synthesis - the final resource count might be different
    Info (21058): Implemented 5 input pins
    Info (21059): Implemented 13 output pins
    Info (21061): Implemented 685 logic cells
Info: Quartus Prime Analysis & Synthesis was successful. 0 errors, 16 warnings
    Info: Peak virtual memory: 714 megabytes
    Info: Processing ended: Tue Apr 24 19:47:16 2018
    Info: Elapsed time: 00:00:09
    Info: Total CPU time (on all processors): 00:00:17


